<?xml version="1.0" encoding="UTF-8"?>
<!-- Generated by org.testng.reporters.JUnitXMLReporter -->
<testsuite ignored="2" hostname="LTIN486385" failures="0" tests="4" name="Test" time="16.576" errors="0" timestamp="2024-04-09T16:46:04 IST">
  <testcase classname="BasePackage.BaseClassNG" name="@BeforeTest driverSetup" time="15.938">
    <failure type="org.apache.poi.ooxml.POIXMLException" message="org.apache.poi.openxml4j.exceptions.InvalidOperationException: You can&amp;apos;t add a part with a part name derived from another part ! [M1.11]">
      <![CDATA[org.apache.poi.ooxml.POIXMLException: org.apache.poi.openxml4j.exceptions.InvalidOperationException: You can't add a part with a part name derived from another part ! [M1.11]
at org.apache.poi.ooxml.POIXMLDocumentPart.createRelationship(POIXMLDocumentPart.java:609)
at org.apache.poi.xssf.usermodel.XSSFWorkbook.createSheet(XSSFWorkbook.java:968)
at BasePackage.BaseClassNG.driverSetup(BaseClassNG.java:81)
at java.base/java.util.concurrent.FutureTask.run(FutureTask.java:264)
at java.base/java.util.concurrent.ThreadPoolExecutor.runWorker(ThreadPoolExecutor.java:1136)
at java.base/java.util.concurrent.ThreadPoolExecutor$Worker.run(ThreadPoolExecutor.java:635)
at java.base/java.lang.Thread.run(Thread.java:840)
Caused by: org.apache.poi.openxml4j.exceptions.InvalidOperationException: You can't add a part with a part name derived from another part ! [M1.11]
at org.apache.poi.openxml4j.opc.PackagePartCollection.put(PackagePartCollection.java:72)
at org.apache.poi.openxml4j.opc.OPCPackage.createPart(OPCPackage.java:914)
at org.apache.poi.openxml4j.opc.OPCPackage.createPart(OPCPackage.java:840)
at org.apache.poi.ooxml.POIXMLDocumentPart.createRelationship(POIXMLDocumentPart.java:589)
... 20 more
... Removed 14 stack frames]]>
    </failure>
  </testcase> <!-- @BeforeTest driverSetup -->
  <testcase classname="BasePackage.BaseClassNG" name="@AfterTest driverClose" time="0.0">
    <skipped/>
  </testcase> <!-- @AfterTest driverClose -->
  <testcase classname="TestCases.TC_001_CapturingCourseInfo" name="courseSearch" time="0.0">
    <skipped/>
  </testcase> <!-- courseSearch -->
  <testcase classname="TestCases.TC_001_CapturingCourseInfo" name="capturingCourseData" time="0.0">
    <skipped/>
  </testcase> <!-- capturingCourseData -->
  <testcase classname="TestCases.TC_003_ReadyToTransform" name="navigationToContactUsPage" time="0.0">
    <skipped/>
  </testcase> <!-- navigationToContactUsPage -->
  <testcase classname="TestCases.TC_003_ReadyToTransform" name="fillingTheForm" time="0.0">
    <skipped/>
  </testcase> <!-- fillingTheForm -->
  <testcase classname="BasePackage.BaseClassNG" name="@BeforeTest driverSetup" time="0.0">
    <ignored/>
  </testcase> <!-- @BeforeTest driverSetup -->
  <testcase classname="BasePackage.BaseClassNG" name="@AfterTest driverClose" time="0.0">
    <ignored/>
  </testcase> <!-- @AfterTest driverClose -->
</testsuite> <!-- Test -->
